# JRE version: OpenJDK Runtime Environment (8.0_242-b01) (build 1.8.0_242-release-1644-b01)
# Java VM: OpenJDK 64-Bit Server VM (25.242-b01 mixed mode windows-amd64 compressed oops)
Heap:
 PSYoungGen      total 416256K, used 93394K [0x00000000e0000000, 0x0000000100000000, 0x0000000100000000)
  eden space 348160K, 7% used [0x00000000e0000000,0x00000000e18b90d8,0x00000000f5400000)
  from space 68096K, 99% used [0x00000000fbd80000,0x00000000ffffb8d0,0x0000000100000000)
  to   space 88064K, 0% used [0x00000000f5400000,0x00000000f5400000,0x00000000faa00000)
 ParOldGen       total 269824K, used 204988K [0x00000000a0000000, 0x00000000b0780000, 0x00000000e0000000)
  object space 269824K, 75% used [0x00000000a0000000,0x00000000ac82f160,0x00000000b0780000)
 Metaspace       used 114356K, capacity 120492K, committed 121240K, reserved 1155072K
  class space    used 14822K, capacity 15992K, committed 16296K, reserved 1048576K
GC Heap History (10 events):
Event: 4781.090 GC heap before
{Heap before GC invocations=27 (full 5):
 PSYoungGen      total 441344K, used 380702K [0x00000000e0000000, 0x0000000100000000, 0x0000000100000000)
  eden space 358400K, 100% used [0x00000000e0000000,0x00000000f5e00000,0x00000000f5e00000)
  from space 82944K, 26% used [0x00000000f5e00000,0x00000000f73c7898,0x00000000faf00000)
  to   space 79360K, 0% used [0x00000000fb280000,0x00000000fb280000,0x0000000100000000)
 ParOldGen       total 269824K, used 158621K [0x00000000a0000000, 0x00000000b0780000, 0x00000000e0000000)
  object space 269824K, 58% used [0x00000000a0000000,0x00000000a9ae7520,0x00000000b0780000)
 Metaspace       used 113942K, capacity 119966K, committed 120728K, reserved 1153024K
  class space    used 14802K, capacity 15957K, committed 16296K, reserved 1048576K
Event: 4781.108 GC heap after
Heap after GC invocations=27 (full 5):
 PSYoungGen      total 432640K, used 13664K [0x00000000e0000000, 0x00000000ff780000, 0x0000000100000000)
  eden space 361984K, 0% used [0x00000000e0000000,0x00000000e0000000,0x00000000f6180000)
  from space 70656K, 19% used [0x00000000fb280000,0x00000000fbfd83d8,0x00000000ff780000)
  to   space 76800K, 0% used [0x00000000f6180000,0x00000000f6180000,0x00000000fac80000)
 ParOldGen       total 269824K, used 163548K [0x00000000a0000000, 0x00000000b0780000, 0x00000000e0000000)
  object space 269824K, 60% used [0x00000000a0000000,0x00000000a9fb72c8,0x00000000b0780000)
 Metaspace       used 113942K, capacity 119966K, committed 120728K, reserved 1153024K
  class space    used 14802K, capacity 15957K, committed 16296K, reserved 1048576K
}
Event: 4781.700 GC heap before
{Heap before GC invocations=28 (full 5):
 PSYoungGen      total 432640K, used 375648K [0x00000000e0000000, 0x00000000ff780000, 0x0000000100000000)
  eden space 361984K, 100% used [0x00000000e0000000,0x00000000f6180000,0x00000000f6180000)
  from space 70656K, 19% used [0x00000000fb280000,0x00000000fbfd83d8,0x00000000ff780000)
  to   space 76800K, 0% used [0x00000000f6180000,0x00000000f6180000,0x00000000fac80000)
 ParOldGen       total 269824K, used 163548K [0x00000000a0000000, 0x00000000b0780000, 0x00000000e0000000)
  object space 269824K, 60% used [0x00000000a0000000,0x00000000a9fb72c8,0x00000000b0780000)
 Metaspace       used 114048K, capacity 120064K, committed 120728K, reserved 1153024K
  class space    used 14803K, capacity 15958K, committed 16296K, reserved 1048576K
Event: 4781.733 GC heap after
Heap after GC invocations=28 (full 5):
 PSYoungGen      total 438784K, used 22947K [0x00000000e0000000, 0x00000000fff00000, 0x0000000100000000)
  eden space 361984K, 0% used [0x00000000e0000000,0x00000000e0000000,0x00000000f6180000)
  from space 76800K, 29% used [0x00000000f6180000,0x00000000f77e8d50,0x00000000fac80000)
  to   space 73216K, 0% used [0x00000000fb780000,0x00000000fb780000,0x00000000fff00000)
 ParOldGen       total 269824K, used 175251K [0x00000000a0000000, 0x00000000b0780000, 0x00000000e0000000)
  object space 269824K, 64% used [0x00000000a0000000,0x00000000aab24ce8,0x00000000b0780000)
 Metaspace       used 114048K, capacity 120064K, committed 120728K, reserved 1153024K
  class space    used 14803K, capacity 15958K, committed 16296K, reserved 1048576K
}
Event: 4784.333 GC heap before
{Heap before GC invocations=29 (full 5):
 PSYoungGen      total 438784K, used 384931K [0x00000000e0000000, 0x00000000fff00000, 0x0000000100000000)
  eden space 361984K, 100% used [0x00000000e0000000,0x00000000f6180000,0x00000000f6180000)
  from space 76800K, 29% used [0x00000000f6180000,0x00000000f77e8d50,0x00000000fac80000)
  to   space 73216K, 0% used [0x00000000fb780000,0x00000000fb780000,0x00000000fff00000)
 ParOldGen       total 269824K, used 175251K [0x00000000a0000000, 0x00000000b0780000, 0x00000000e0000000)
  object space 269824K, 64% used [0x00000000a0000000,0x00000000aab24ce8,0x00000000b0780000)
 Metaspace       used 114116K, capacity 120154K, committed 120984K, reserved 1155072K
  class space    used 14803K, capacity 15959K, committed 16296K, reserved 1048576K
Event: 4784.345 GC heap after
Heap after GC invocations=29 (full 5):
 PSYoungGen      total 437760K, used 22604K [0x00000000e0000000, 0x00000000ff580000, 0x0000000100000000)
  eden space 374272K, 0% used [0x00000000e0000000,0x00000000e0000000,0x00000000f6d80000)
  from space 63488K, 35% used [0x00000000fb780000,0x00000000fcd932c0,0x00000000ff580000)
  to   space 69632K, 0% used [0x00000000f6d80000,0x00000000f6d80000,0x00000000fb180000)
 ParOldGen       total 269824K, used 181115K [0x00000000a0000000, 0x00000000b0780000, 0x00000000e0000000)
  object space 269824K, 67% used [0x00000000a0000000,0x00000000ab0deee0,0x00000000b0780000)
 Metaspace       used 114116K, capacity 120154K, committed 120984K, reserved 1155072K
  class space    used 14803K, capacity 15959K, committed 16296K, reserved 1048576K
}
Event: 4881.212 GC heap before
{Heap before GC invocations=30 (full 5):
 PSYoungGen      total 437760K, used 396876K [0x00000000e0000000, 0x00000000ff580000, 0x0000000100000000)
  eden space 374272K, 100% used [0x00000000e0000000,0x00000000f6d80000,0x00000000f6d80000)
  from space 63488K, 35% used [0x00000000fb780000,0x00000000fcd932c0,0x00000000ff580000)
  to   space 69632K, 0% used [0x00000000f6d80000,0x00000000f6d80000,0x00000000fb180000)
 ParOldGen       total 269824K, used 181115K [0x00000000a0000000, 0x00000000b0780000, 0x00000000e0000000)
  object space 269824K, 67% used [0x00000000a0000000,0x00000000ab0deee0,0x00000000b0780000)
 Metaspace       used 114205K, capacity 120282K, committed 120984K, reserved 1155072K
  class space    used 14809K, capacity 15969K, committed 16296K, reserved 1048576K
Event: 4881.221 GC heap after
Heap after GC invocations=30 (full 5):
 PSYoungGen      total 443904K, used 10830K [0x00000000e0000000, 0x0000000100000000, 0x0000000100000000)
  eden space 374272K, 0% used [0x00000000e0000000,0x00000000e0000000,0x00000000f6d80000)
  from space 69632K, 15% used [0x00000000f6d80000,0x00000000f7813b20,0x00000000fb180000)
  to   space 68096K, 0% used [0x00000000fbd80000,0x00000000fbd80000,0x0000000100000000)
 ParOldGen       total 269824K, used 181795K [0x00000000a0000000, 0x00000000b0780000, 0x00000000e0000000)
  object space 269824K, 67% used [0x00000000a0000000,0x00000000ab188fb0,0x00000000b0780000)
 Metaspace       used 114205K, capacity 120282K, committed 120984K, reserved 1155072K
  class space    used 14809K, capacity 15969K, committed 16296K, reserved 1048576K
}
Event: 4883.810 GC heap before
{Heap before GC invocations=31 (full 5):
 PSYoungGen      total 443904K, used 385102K [0x00000000e0000000, 0x0000000100000000, 0x0000000100000000)
  eden space 374272K, 100% used [0x00000000e0000000,0x00000000f6d80000,0x00000000f6d80000)
  from space 69632K, 15% used [0x00000000f6d80000,0x00000000f7813b20,0x00000000fb180000)
  to   space 68096K, 0% used [0x00000000fbd80000,0x00000000fbd80000,0x0000000100000000)
 ParOldGen       total 269824K, used 181795K [0x00000000a0000000, 0x00000000b0780000, 0x00000000e0000000)
  object space 269824K, 67% used [0x00000000a0000000,0x00000000ab188fb0,0x00000000b0780000)
 Metaspace       used 114355K, capacity 120492K, committed 121240K, reserved 1155072K
  class space    used 14822K, capacity 15992K, committed 16296K, reserved 1048576K
Event: 4883.880 GC heap after
Heap after GC invocations=31 (full 5):
 PSYoungGen      total 416256K, used 68078K [0x00000000e0000000, 0x0000000100000000, 0x0000000100000000)
  eden space 348160K, 0% used [0x00000000e0000000,0x00000000e0000000,0x00000000f5400000)
  from space 68096K, 99% used [0x00000000fbd80000,0x00000000ffffb8d0,0x0000000100000000)
  to   space 88064K, 0% used [0x00000000f5400000,0x00000000f5400000,0x00000000faa00000)
 ParOldGen       total 269824K, used 204988K [0x00000000a0000000, 0x00000000b0780000, 0x00000000e0000000)
  object space 269824K, 75% used [0x00000000a0000000,0x00000000ac82f160,0x00000000b0780000)
 Metaspace       used 114355K, capacity 120492K, committed 121240K, reserved 1155072K
  class space    used 14822K, capacity 15992K, committed 16296K, reserved 1048576K
}

