# JRE version: Java(TM) SE Runtime Environment (8.0_231-b11) (build 1.8.0_231-b11)
# Java VM: Java HotSpot(TM) 64-Bit Server VM (25.231-b11 mixed mode windows-amd64 compressed oops)
Heap:
 PSYoungGen      total 280576K, used 252000K [0x00000000e0000000, 0x00000000f3580000, 0x0000000100000000)
  eden space 254464K, 89% used [0x00000000e0000000,0x00000000ede89eb8,0x00000000ef880000)
  from space 26112K, 92% used [0x00000000f1c00000,0x00000000f338e2f0,0x00000000f3580000)
  to   space 31232K, 0% used [0x00000000ef880000,0x00000000ef880000,0x00000000f1700000)
 ParOldGen       total 178688K, used 75738K [0x00000000a0000000, 0x00000000aae80000, 0x00000000e0000000)
  object space 178688K, 42% used [0x00000000a0000000,0x00000000a49f6a38,0x00000000aae80000)
 Metaspace       used 87966K, capacity 92064K, committed 92288K, reserved 1128448K
  class space    used 11773K, capacity 12547K, committed 12672K, reserved 1048576K
GC Heap History (10 events):
Event: 151.741 GC heap before
{Heap before GC invocations=17 (full 3):
 PSYoungGen      total 319488K, used 319471K [0x00000000e0000000, 0x00000000f5700000, 0x0000000100000000)
  eden space 301056K, 100% used [0x00000000e0000000,0x00000000f2600000,0x00000000f2600000)
  from space 18432K, 99% used [0x00000000f3400000,0x00000000f45fbfc8,0x00000000f4600000)
  to   space 17408K, 0% used [0x00000000f4600000,0x00000000f4600000,0x00000000f5700000)
 ParOldGen       total 178688K, used 48695K [0x00000000a0000000, 0x00000000aae80000, 0x00000000e0000000)
  object space 178688K, 27% used [0x00000000a0000000,0x00000000a2f8deb8,0x00000000aae80000)
 Metaspace       used 77101K, capacity 80666K, committed 80768K, reserved 1118208K
  class space    used 10352K, capacity 11100K, committed 11136K, reserved 1048576K
Event: 151.757 GC heap after
Heap after GC invocations=17 (full 3):
 PSYoungGen      total 308224K, used 17405K [0x00000000e0000000, 0x00000000f5700000, 0x0000000100000000)
  eden space 290816K, 0% used [0x00000000e0000000,0x00000000e0000000,0x00000000f1c00000)
  from space 17408K, 99% used [0x00000000f4600000,0x00000000f56ff5c0,0x00000000f5700000)
  to   space 29696K, 0% used [0x00000000f1d00000,0x00000000f1d00000,0x00000000f3a00000)
 ParOldGen       total 178688K, used 58551K [0x00000000a0000000, 0x00000000aae80000, 0x00000000e0000000)
  object space 178688K, 32% used [0x00000000a0000000,0x00000000a392de28,0x00000000aae80000)
 Metaspace       used 77101K, capacity 80666K, committed 80768K, reserved 1118208K
  class space    used 10352K, capacity 11100K, committed 11136K, reserved 1048576K
}
Event: 155.278 GC heap before
{Heap before GC invocations=18 (full 3):
 PSYoungGen      total 308224K, used 308221K [0x00000000e0000000, 0x00000000f5700000, 0x0000000100000000)
  eden space 290816K, 100% used [0x00000000e0000000,0x00000000f1c00000,0x00000000f1c00000)
  from space 17408K, 99% used [0x00000000f4600000,0x00000000f56ff5c0,0x00000000f5700000)
  to   space 29696K, 0% used [0x00000000f1d00000,0x00000000f1d00000,0x00000000f3a00000)
 ParOldGen       total 178688K, used 58551K [0x00000000a0000000, 0x00000000aae80000, 0x00000000e0000000)
  object space 178688K, 32% used [0x00000000a0000000,0x00000000a392de28,0x00000000aae80000)
 Metaspace       used 77207K, capacity 80760K, committed 81024K, reserved 1120256K
  class space    used 10353K, capacity 11103K, committed 11136K, reserved 1048576K
Event: 155.296 GC heap after
Heap after GC invocations=18 (full 3):
 PSYoungGen      total 287744K, used 6310K [0x00000000e0000000, 0x00000000f4b80000, 0x0000000100000000)
  eden space 281088K, 0% used [0x00000000e0000000,0x00000000e0000000,0x00000000f1280000)
  from space 6656K, 94% used [0x00000000f1d00000,0x00000000f2329a40,0x00000000f2380000)
  to   space 29184K, 0% used [0x00000000f2f00000,0x00000000f2f00000,0x00000000f4b80000)
 ParOldGen       total 178688K, used 75714K [0x00000000a0000000, 0x00000000aae80000, 0x00000000e0000000)
  object space 178688K, 42% used [0x00000000a0000000,0x00000000a49f0a38,0x00000000aae80000)
 Metaspace       used 77207K, capacity 80760K, committed 81024K, reserved 1120256K
  class space    used 10353K, capacity 11103K, committed 11136K, reserved 1048576K
}
Event: 156.770 GC heap before
{Heap before GC invocations=19 (full 3):
 PSYoungGen      total 287744K, used 287398K [0x00000000e0000000, 0x00000000f4b80000, 0x0000000100000000)
  eden space 281088K, 100% used [0x00000000e0000000,0x00000000f1280000,0x00000000f1280000)
  from space 6656K, 94% used [0x00000000f1d00000,0x00000000f2329a40,0x00000000f2380000)
  to   space 29184K, 0% used [0x00000000f2f00000,0x00000000f2f00000,0x00000000f4b80000)
 ParOldGen       total 178688K, used 75714K [0x00000000a0000000, 0x00000000aae80000, 0x00000000e0000000)
  object space 178688K, 42% used [0x00000000a0000000,0x00000000a49f0a38,0x00000000aae80000)
 Metaspace       used 77220K, capacity 80760K, committed 81024K, reserved 1120256K
  class space    used 10353K, capacity 11103K, committed 11136K, reserved 1048576K
Event: 156.774 GC heap after
Heap after GC invocations=19 (full 3):
 PSYoungGen      total 290816K, used 4626K [0x00000000e0000000, 0x00000000f4180000, 0x0000000100000000)
  eden space 271872K, 0% used [0x00000000e0000000,0x00000000e0000000,0x00000000f0980000)
  from space 18944K, 24% used [0x00000000f2f00000,0x00000000f3384b88,0x00000000f4180000)
  to   space 28672K, 0% used [0x00000000f0980000,0x00000000f0980000,0x00000000f2580000)
 ParOldGen       total 178688K, used 75722K [0x00000000a0000000, 0x00000000aae80000, 0x00000000e0000000)
  object space 178688K, 42% used [0x00000000a0000000,0x00000000a49f2a38,0x00000000aae80000)
 Metaspace       used 77220K, capacity 80760K, committed 81024K, reserved 1120256K
  class space    used 10353K, capacity 11103K, committed 11136K, reserved 1048576K
}
Event: 159.369 GC heap before
{Heap before GC invocations=20 (full 3):
 PSYoungGen      total 290816K, used 276498K [0x00000000e0000000, 0x00000000f4180000, 0x0000000100000000)
  eden space 271872K, 100% used [0x00000000e0000000,0x00000000f0980000,0x00000000f0980000)
  from space 18944K, 24% used [0x00000000f2f00000,0x00000000f3384b88,0x00000000f4180000)
  to   space 28672K, 0% used [0x00000000f0980000,0x00000000f0980000,0x00000000f2580000)
 ParOldGen       total 178688K, used 75722K [0x00000000a0000000, 0x00000000aae80000, 0x00000000e0000000)
  object space 178688K, 42% used [0x00000000a0000000,0x00000000a49f2a38,0x00000000aae80000)
 Metaspace       used 80207K, capacity 83792K, committed 84096K, reserved 1122304K
  class space    used 10815K, capacity 11539K, committed 11648K, reserved 1048576K
Event: 159.375 GC heap after
Heap after GC invocations=20 (full 3):
 PSYoungGen      total 267776K, used 4476K [0x00000000e0000000, 0x00000000f3700000, 0x0000000100000000)
  eden space 263168K, 0% used [0x00000000e0000000,0x00000000e0000000,0x00000000f0100000)
  from space 4608K, 97% used [0x00000000f0980000,0x00000000f0ddf340,0x00000000f0e00000)
  to   space 27648K, 0% used [0x00000000f1c00000,0x00000000f1c00000,0x00000000f3700000)
 ParOldGen       total 178688K, used 75730K [0x00000000a0000000, 0x00000000aae80000, 0x00000000e0000000)
  object space 178688K, 42% used [0x00000000a0000000,0x00000000a49f4a38,0x00000000aae80000)
 Metaspace       used 80207K, capacity 83792K, committed 84096K, reserved 1122304K
  class space    used 10815K, capacity 11539K, committed 11648K, reserved 1048576K
}
Event: 165.213 GC heap before
{Heap before GC invocations=21 (full 3):
 PSYoungGen      total 267776K, used 267644K [0x00000000e0000000, 0x00000000f3700000, 0x0000000100000000)
  eden space 263168K, 100% used [0x00000000e0000000,0x00000000f0100000,0x00000000f0100000)
  from space 4608K, 97% used [0x00000000f0980000,0x00000000f0ddf340,0x00000000f0e00000)
  to   space 27648K, 0% used [0x00000000f1c00000,0x00000000f1c00000,0x00000000f3700000)
 ParOldGen       total 178688K, used 75730K [0x00000000a0000000, 0x00000000aae80000, 0x00000000e0000000)
  object space 178688K, 42% used [0x00000000a0000000,0x00000000a49f4a38,0x00000000aae80000)
 Metaspace       used 87664K, capacity 91676K, committed 91904K, reserved 1128448K
  class space    used 11726K, capacity 12481K, committed 12544K, reserved 1048576K
Event: 165.233 GC heap after
Heap after GC invocations=21 (full 3):
 PSYoungGen      total 280576K, used 24120K [0x00000000e0000000, 0x00000000f3580000, 0x0000000100000000)
  eden space 254464K, 0% used [0x00000000e0000000,0x00000000e0000000,0x00000000ef880000)
  from space 26112K, 92% used [0x00000000f1c00000,0x00000000f338e2f0,0x00000000f3580000)
  to   space 31232K, 0% used [0x00000000ef880000,0x00000000ef880000,0x00000000f1700000)
 ParOldGen       total 178688K, used 75738K [0x00000000a0000000, 0x00000000aae80000, 0x00000000e0000000)
  object space 178688K, 42% used [0x00000000a0000000,0x00000000a49f6a38,0x00000000aae80000)
 Metaspace       used 87664K, capacity 91676K, committed 91904K, reserved 1128448K
  class space    used 11726K, capacity 12481K, committed 12544K, reserved 1048576K
}

